# JRE version: Java(TM) SE Runtime Environment (8.0_92-b14) (build 1.8.0_92-b14)
# Java VM: Java HotSpot(TM) 64-Bit Server VM (25.92-b14 mixed mode linux-amd64 compressed oops)
Heap:
 PSYoungGen      total 123392K, used 48573K [0x00000000f5580000, 0x00000000ff980000, 0x0000000100000000)
  eden space 115712K, 41% used [0x00000000f5580000,0x00000000f84ef610,0x00000000fc680000)
  from space 7680K, 0% used [0x00000000fc680000,0x00000000fc680000,0x00000000fce00000)
  to   space 26112K, 0% used [0x00000000fe000000,0x00000000fe000000,0x00000000ff980000)
 ParOldGen       total 129024K, used 68480K [0x00000000e0000000, 0x00000000e7e00000, 0x00000000f5580000)
  object space 129024K, 53% used [0x00000000e0000000,0x00000000e42e0040,0x00000000e7e00000)
 Metaspace       used 124825K, capacity 134709K, committed 135040K, reserved 1167360K
  class space    used 14981K, capacity 17947K, committed 18048K, reserved 1048576K
GC Heap History (10 events):
Event: 1212.802 GC heap before
{Heap before GC invocations=41 (full 12):
 PSYoungGen      total 136704K, used 108032K [0x00000000f5580000, 0x00000000ff900000, 0x0000000100000000)
  eden space 108032K, 100% used [0x00000000f5580000,0x00000000fbf00000,0x00000000fbf00000)
  from space 28672K, 0% used [0x00000000fdd00000,0x00000000fdd00000,0x00000000ff900000)
  to   space 29696K, 0% used [0x00000000fbf00000,0x00000000fbf00000,0x00000000fdc00000)
 ParOldGen       total 129024K, used 63857K [0x00000000e0000000, 0x00000000e7e00000, 0x00000000f5580000)
  object space 129024K, 49% used [0x00000000e0000000,0x00000000e3e5c610,0x00000000e7e00000)
 Metaspace       used 121639K, capacity 131353K, committed 131712K, reserved 1163264K
  class space    used 14641K, capacity 17487K, committed 17536K, reserved 1048576K
Event: 1212.820 GC heap after
Heap after GC invocations=41 (full 12):
 PSYoungGen      total 137728K, used 3619K [0x00000000f5580000, 0x00000000ffe80000, 0x0000000100000000)
  eden space 108032K, 0% used [0x00000000f5580000,0x00000000f5580000,0x00000000fbf00000)
  from space 29696K, 12% used [0x00000000fbf00000,0x00000000fc288c28,0x00000000fdc00000)
  to   space 28672K, 0% used [0x00000000fe280000,0x00000000fe280000,0x00000000ffe80000)
 ParOldGen       total 129024K, used 63865K [0x00000000e0000000, 0x00000000e7e00000, 0x00000000f5580000)
  object space 129024K, 49% used [0x00000000e0000000,0x00000000e3e5e610,0x00000000e7e00000)
 Metaspace       used 121639K, capacity 131353K, committed 131712K, reserved 1163264K
  class space    used 14641K, capacity 17487K, committed 17536K, reserved 1048576K
}
Event: 1294.626 GC heap before
{Heap before GC invocations=42 (full 12):
 PSYoungGen      total 137728K, used 16012K [0x00000000f5580000, 0x00000000ffe80000, 0x0000000100000000)
  eden space 108032K, 11% used [0x00000000f5580000,0x00000000f619a610,0x00000000fbf00000)
  from space 29696K, 12% used [0x00000000fbf00000,0x00000000fc288c28,0x00000000fdc00000)
  to   space 28672K, 0% used [0x00000000fe280000,0x00000000fe280000,0x00000000ffe80000)
 ParOldGen       total 129024K, used 63865K [0x00000000e0000000, 0x00000000e7e00000, 0x00000000f5580000)
  object space 129024K, 49% used [0x00000000e0000000,0x00000000e3e5e610,0x00000000e7e00000)
 Metaspace       used 121761K, capacity 131545K, committed 131712K, reserved 1163264K
  class space    used 14645K, capacity 17487K, committed 17536K, reserved 1048576K
Event: 1294.633 GC heap after
Heap after GC invocations=42 (full 12):
 PSYoungGen      total 142336K, used 2914K [0x00000000f5580000, 0x00000000ffc80000, 0x0000000100000000)
  eden space 115712K, 0% used [0x00000000f5580000,0x00000000f5580000,0x00000000fc680000)
  from space 26624K, 10% used [0x00000000fe280000,0x00000000fe558ba8,0x00000000ffc80000)
  to   space 27648K, 0% used [0x00000000fc680000,0x00000000fc680000,0x00000000fe180000)
 ParOldGen       total 129024K, used 63873K [0x00000000e0000000, 0x00000000e7e00000, 0x00000000f5580000)
  object space 129024K, 49% used [0x00000000e0000000,0x00000000e3e60610,0x00000000e7e00000)
 Metaspace       used 121761K, capacity 131545K, committed 131712K, reserved 1163264K
  class space    used 14645K, capacity 17487K, committed 17536K, reserved 1048576K
}
Event: 1294.633 GC heap before
{Heap before GC invocations=43 (full 13):
 PSYoungGen      total 142336K, used 2914K [0x00000000f5580000, 0x00000000ffc80000, 0x0000000100000000)
  eden space 115712K, 0% used [0x00000000f5580000,0x00000000f5580000,0x00000000fc680000)
  from space 26624K, 10% used [0x00000000fe280000,0x00000000fe558ba8,0x00000000ffc80000)
  to   space 27648K, 0% used [0x00000000fc680000,0x00000000fc680000,0x00000000fe180000)
 ParOldGen       total 129024K, used 63873K [0x00000000e0000000, 0x00000000e7e00000, 0x00000000f5580000)
  object space 129024K, 49% used [0x00000000e0000000,0x00000000e3e60610,0x00000000e7e00000)
 Metaspace       used 121761K, capacity 131545K, committed 131712K, reserved 1163264K
  class space    used 14645K, capacity 17487K, committed 17536K, reserved 1048576K
Event: 1295.177 GC heap after
Heap after GC invocations=43 (full 13):
 PSYoungGen      total 142336K, used 0K [0x00000000f5580000, 0x00000000ffc80000, 0x0000000100000000)
  eden space 115712K, 0% used [0x00000000f5580000,0x00000000f5580000,0x00000000fc680000)
  from space 26624K, 0% used [0x00000000fe280000,0x00000000fe280000,0x00000000ffc80000)
  to   space 27648K, 0% used [0x00000000fc680000,0x00000000fc680000,0x00000000fe180000)
 ParOldGen       total 129024K, used 62659K [0x00000000e0000000, 0x00000000e7e00000, 0x00000000f5580000)
  object space 129024K, 48% used [0x00000000e0000000,0x00000000e3d30dc8,0x00000000e7e00000)
 Metaspace       used 121761K, capacity 131545K, committed 131712K, reserved 1163264K
  class space    used 14645K, capacity 17487K, committed 17536K, reserved 1048576K
}
Event: 1366.534 GC heap before
{Heap before GC invocations=44 (full 13):
 PSYoungGen      total 142336K, used 59573K [0x00000000f5580000, 0x00000000ffc80000, 0x0000000100000000)
  eden space 115712K, 51% used [0x00000000f5580000,0x00000000f8fad470,0x00000000fc680000)
  from space 26624K, 0% used [0x00000000fe280000,0x00000000fe280000,0x00000000ffc80000)
  to   space 27648K, 0% used [0x00000000fc680000,0x00000000fc680000,0x00000000fe180000)
 ParOldGen       total 129024K, used 62659K [0x00000000e0000000, 0x00000000e7e00000, 0x00000000f5580000)
  object space 129024K, 48% used [0x00000000e0000000,0x00000000e3d30dc8,0x00000000e7e00000)
 Metaspace       used 124096K, capacity 133787K, committed 134144K, reserved 1165312K
  class space    used 14921K, capacity 17823K, committed 17920K, reserved 1048576K
Event: 1366.553 GC heap after
Heap after GC invocations=44 (full 13):
 PSYoungGen      total 123392K, used 7422K [0x00000000f5580000, 0x00000000ff980000, 0x0000000100000000)
  eden space 115712K, 0% used [0x00000000f5580000,0x00000000f5580000,0x00000000fc680000)
  from space 7680K, 96% used [0x00000000fc680000,0x00000000fcdbf950,0x00000000fce00000)
  to   space 26112K, 0% used [0x00000000fe000000,0x00000000fe000000,0x00000000ff980000)
 ParOldGen       total 129024K, used 62667K [0x00000000e0000000, 0x00000000e7e00000, 0x00000000f5580000)
  object space 129024K, 48% used [0x00000000e0000000,0x00000000e3d32dc8,0x00000000e7e00000)
 Metaspace       used 124096K, capacity 133787K, committed 134144K, reserved 1165312K
  class space    used 14921K, capacity 17823K, committed 17920K, reserved 1048576K
}
Event: 1366.553 GC heap before
{Heap before GC invocations=45 (full 14):
 PSYoungGen      total 123392K, used 7422K [0x00000000f5580000, 0x00000000ff980000, 0x0000000100000000)
  eden space 115712K, 0% used [0x00000000f5580000,0x00000000f5580000,0x00000000fc680000)
  from space 7680K, 96% used [0x00000000fc680000,0x00000000fcdbf950,0x00000000fce00000)
  to   space 26112K, 0% used [0x00000000fe000000,0x00000000fe000000,0x00000000ff980000)
 ParOldGen       total 129024K, used 62667K [0x00000000e0000000, 0x00000000e7e00000, 0x00000000f5580000)
  object space 129024K, 48% used [0x00000000e0000000,0x00000000e3d32dc8,0x00000000e7e00000)
 Metaspace       used 124096K, capacity 133787K, committed 134144K, reserved 1165312K
  class space    used 14921K, capacity 17823K, committed 17920K, reserved 1048576K
Event: 1367.049 GC heap after
Heap after GC invocations=45 (full 14):
 PSYoungGen      total 123392K, used 0K [0x00000000f5580000, 0x00000000ff980000, 0x0000000100000000)
  eden space 115712K, 0% used [0x00000000f5580000,0x00000000f5580000,0x00000000fc680000)
  from space 7680K, 0% used [0x00000000fc680000,0x00000000fc680000,0x00000000fce00000)
  to   space 26112K, 0% used [0x00000000fe000000,0x00000000fe000000,0x00000000ff980000)
 ParOldGen       total 129024K, used 68480K [0x00000000e0000000, 0x00000000e7e00000, 0x00000000f5580000)
  object space 129024K, 53% used [0x00000000e0000000,0x00000000e42e0040,0x00000000e7e00000)
 Metaspace       used 124096K, capacity 133787K, committed 134144K, reserved 1165312K
  class space    used 14921K, capacity 17823K, committed 17920K, reserved 1048576K
}

